<?xml version="1.0" encoding="UTF-8"?>
<testng-results skipped="8" failed="0" total="8" passed="0">
  <reporter-output>
  </reporter-output>
  <suite name="Suite" duration-ms="7082" started-at="2021-12-11T17:01:44Z" finished-at="2021-12-11T17:01:51Z">
    <groups>
    </groups>
    <test name="Test" duration-ms="7082" started-at="2021-12-11T17:01:44Z" finished-at="2021-12-11T17:01:51Z">
      <class name="org.testing.TestScripts.TC8">
        <test-method status="PASS" signature="LocatorsFile()[pri:0, instance:org.testing.TestScripts.TC8@479111ba]" name="LocatorsFile" is-config="true" duration-ms="27" started-at="2021-12-11T22:31:44Z" finished-at="2021-12-11T22:31:44Z">
          <reporter-output>
          </reporter-output>
        </test-method> <!-- LocatorsFile -->
        <test-method status="FAIL" signature="OpenBrowser()[pri:0, instance:org.testing.TestScripts.TC8@479111ba]" name="OpenBrowser" is-config="true" duration-ms="0" started-at="2021-12-11T22:31:44Z" finished-at="2021-12-11T22:31:44Z">
          <exception class="org.openqa.selenium.WebDriverException">
            <message>
              <![CDATA[unknown error: cannot determine loading status
from unknown error: cannot determine loading status
from disconnected: received Inspector.detached event
  (Session info: chrome=96.0.4664.93)
  (Driver info: chromedriver=95.0.4638.54 (d31a821ec901f68d0d34ccdbaea45b4c86ce543e-refs/branch-heads/4638@{#871}),platform=Windows NT 10.0.19042 x86_64) (WARNING: The server did not provide any stacktrace information)
Command duration or timeout: 1.58 seconds
Build info: version: '2.48.2', revision: '41bccdd', time: '2015-10-09 19:55:52'
System info: host: 'LAPTOP-NR892T3L', ip: '192.168.0.177', os.name: 'Windows 10', os.arch: 'amd64', os.version: '10.0', java.version: '1.8.0_291'
Driver info: org.openqa.selenium.chrome.ChromeDriver
Capabilities [{mobileEmulationEnabled=false, timeouts={implicit=0, pageLoad=300000, script=30000}, hasTouchScreen=false, platform=XP, acceptSslCerts=false, goog:chromeOptions={debuggerAddress=localhost:51907}, webauthn:extension:credBlob=true, acceptInsecureCerts=false, webStorageEnabled=true, browserName=chrome, takesScreenshot=true, javascriptEnabled=true, setWindowRect=true, webauthn:extension:largeBlob=true, unexpectedAlertBehaviour=ignore, applicationCacheEnabled=false, rotatable=false, networkConnectionEnabled=false, chrome={chromedriverVersion=95.0.4638.54 (d31a821ec901f68d0d34ccdbaea45b4c86ce543e-refs/branch-heads/4638@{#871}), userDataDir=C:\Users\Rahul\AppData\Local\Temp\scoped_dir25068_871041738}, takesHeapSnapshot=true, pageLoadStrategy=normal, strictFileInteractability=false, databaseEnabled=false, handlesAlerts=true, version=96.0.4664.93, browserConnectionEnabled=false, proxy={}, nativeEvents=true, locationContextEnabled=true, cssSelectorsEnabled=true, webauthn:virtualAuthenticators=true}]
Session ID: 77143cefd4e92a70ea27625cde9e65e4]]>
            </message>
            <full-stacktrace>
              <![CDATA[org.openqa.selenium.WebDriverException: unknown error: cannot determine loading status
from unknown error: cannot determine loading status
from disconnected: received Inspector.detached event
  (Session info: chrome=96.0.4664.93)
  (Driver info: chromedriver=95.0.4638.54 (d31a821ec901f68d0d34ccdbaea45b4c86ce543e-refs/branch-heads/4638@{#871}),platform=Windows NT 10.0.19042 x86_64) (WARNING: The server did not provide any stacktrace information)
Command duration or timeout: 1.58 seconds
Build info: version: '2.48.2', revision: '41bccdd', time: '2015-10-09 19:55:52'
System info: host: 'LAPTOP-NR892T3L', ip: '192.168.0.177', os.name: 'Windows 10', os.arch: 'amd64', os.version: '10.0', java.version: '1.8.0_291'
Driver info: org.openqa.selenium.chrome.ChromeDriver
Capabilities [{mobileEmulationEnabled=false, timeouts={implicit=0, pageLoad=300000, script=30000}, hasTouchScreen=false, platform=XP, acceptSslCerts=false, goog:chromeOptions={debuggerAddress=localhost:51907}, webauthn:extension:credBlob=true, acceptInsecureCerts=false, webStorageEnabled=true, browserName=chrome, takesScreenshot=true, javascriptEnabled=true, setWindowRect=true, webauthn:extension:largeBlob=true, unexpectedAlertBehaviour=ignore, applicationCacheEnabled=false, rotatable=false, networkConnectionEnabled=false, chrome={chromedriverVersion=95.0.4638.54 (d31a821ec901f68d0d34ccdbaea45b4c86ce543e-refs/branch-heads/4638@{#871}), userDataDir=C:\Users\Rahul\AppData\Local\Temp\scoped_dir25068_871041738}, takesHeapSnapshot=true, pageLoadStrategy=normal, strictFileInteractability=false, databaseEnabled=false, handlesAlerts=true, version=96.0.4664.93, browserConnectionEnabled=false, proxy={}, nativeEvents=true, locationContextEnabled=true, cssSelectorsEnabled=true, webauthn:virtualAuthenticators=true}]
Session ID: 77143cefd4e92a70ea27625cde9e65e4
	at sun.reflect.NativeConstructorAccessorImpl.newInstance0(Native Method)
	at sun.reflect.NativeConstructorAccessorImpl.newInstance(Unknown Source)
	at sun.reflect.DelegatingConstructorAccessorImpl.newInstance(Unknown Source)
	at java.lang.reflect.Constructor.newInstance(Unknown Source)
	at org.openqa.selenium.remote.ErrorHandler.createThrowable(ErrorHandler.java:206)
	at org.openqa.selenium.remote.ErrorHandler.throwIfResponseFailed(ErrorHandler.java:158)
	at org.openqa.selenium.remote.RemoteWebDriver.execute(RemoteWebDriver.java:647)
	at org.openqa.selenium.remote.RemoteWebDriver.get(RemoteWebDriver.java:311)
	at org.testing.Base.Base.OpenBrowser(Base.java:22)
	at sun.reflect.NativeMethodAccessorImpl.invoke0(Native Method)
	at sun.reflect.NativeMethodAccessorImpl.invoke(Unknown Source)
	at sun.reflect.DelegatingMethodAccessorImpl.invoke(Unknown Source)
	at java.lang.reflect.Method.invoke(Unknown Source)
	at org.testng.internal.MethodInvocationHelper.invokeMethod(MethodInvocationHelper.java:85)
	at org.testng.internal.Invoker.invokeConfigurationMethod(Invoker.java:510)
	at org.testng.internal.Invoker.invokeConfigurations(Invoker.java:211)
	at org.testng.internal.Invoker.invokeMethod(Invoker.java:585)
	at org.testng.internal.Invoker.invokeTestMethod(Invoker.java:821)
	at org.testng.internal.Invoker.invokeTestMethods(Invoker.java:1131)
	at org.testng.internal.TestMethodWorker.invokeTestMethods(TestMethodWorker.java:124)
	at org.testng.internal.TestMethodWorker.run(TestMethodWorker.java:108)
	at org.testng.TestRunner.privateRun(TestRunner.java:773)
	at org.testng.TestRunner.run(TestRunner.java:623)
	at org.testng.SuiteRunner.runTest(SuiteRunner.java:357)
	at org.testng.SuiteRunner.runSequentially(SuiteRunner.java:352)
	at org.testng.SuiteRunner.privateRun(SuiteRunner.java:310)
	at org.testng.SuiteRunner.run(SuiteRunner.java:259)
	at org.testng.SuiteRunnerWorker.runSuite(SuiteRunnerWorker.java:52)
	at org.testng.SuiteRunnerWorker.run(SuiteRunnerWorker.java:86)
	at org.testng.TestNG.runSuitesSequentially(TestNG.java:1185)
	at org.testng.TestNG.runSuitesLocally(TestNG.java:1110)
	at org.testng.TestNG.run(TestNG.java:1018)
	at org.testng.remote.AbstractRemoteTestNG.run(AbstractRemoteTestNG.java:115)
	at org.testng.remote.RemoteTestNG.initAndRun(RemoteTestNG.java:251)
	at org.testng.remote.RemoteTestNG.main(RemoteTestNG.java:77)
]]>
            </full-stacktrace>
          </exception> <!-- org.openqa.selenium.WebDriverException -->
          <reporter-output>
          </reporter-output>
        </test-method> <!-- OpenBrowser -->
        <test-method status="SKIP" signature="History()[pri:0, instance:org.testing.TestScripts.TC8@479111ba]" name="History" duration-ms="18" started-at="2021-12-11T22:31:51Z" finished-at="2021-12-11T22:31:51Z">
          <reporter-output>
          </reporter-output>
        </test-method> <!-- History -->
      </class> <!-- org.testing.TestScripts.TC8 -->
      <class name="org.testing.TestScripts.TC7">
        <test-method status="SKIP" signature="LocatorsFile()[pri:0, instance:org.testing.TestScripts.TC7@9f674ac]" name="LocatorsFile" is-config="true" duration-ms="0" started-at="2021-12-11T22:31:51Z" finished-at="2021-12-11T22:31:51Z">
          <reporter-output>
          </reporter-output>
        </test-method> <!-- LocatorsFile -->
        <test-method status="SKIP" signature="OpenBrowser()[pri:0, instance:org.testing.TestScripts.TC7@9f674ac]" name="OpenBrowser" is-config="true" duration-ms="0" started-at="2021-12-11T22:31:51Z" finished-at="2021-12-11T22:31:51Z">
          <reporter-output>
          </reporter-output>
        </test-method> <!-- OpenBrowser -->
        <test-method status="SKIP" signature="History()[pri:0, instance:org.testing.TestScripts.TC7@9f674ac]" name="History" duration-ms="65" started-at="2021-12-11T22:31:51Z" finished-at="2021-12-11T22:31:51Z">
          <reporter-output>
          </reporter-output>
        </test-method> <!-- History -->
      </class> <!-- org.testing.TestScripts.TC7 -->
      <class name="org.testing.TestScripts.TC4">
        <test-method status="SKIP" signature="LocatorsFile()[pri:0, instance:org.testing.TestScripts.TC4@448b808a]" name="LocatorsFile" is-config="true" duration-ms="0" started-at="2021-12-11T22:31:51Z" finished-at="2021-12-11T22:31:51Z">
          <reporter-output>
          </reporter-output>
        </test-method> <!-- LocatorsFile -->
        <test-method status="SKIP" signature="OpenBrowser()[pri:0, instance:org.testing.TestScripts.TC4@448b808a]" name="OpenBrowser" is-config="true" duration-ms="0" started-at="2021-12-11T22:31:51Z" finished-at="2021-12-11T22:31:51Z">
          <reporter-output>
          </reporter-output>
        </test-method> <!-- OpenBrowser -->
        <test-method status="SKIP" signature="PlayLike()[pri:0, instance:org.testing.TestScripts.TC4@448b808a]" name="PlayLike" duration-ms="39" started-at="2021-12-11T22:31:51Z" finished-at="2021-12-11T22:31:51Z">
          <reporter-output>
          </reporter-output>
        </test-method> <!-- PlayLike -->
      </class> <!-- org.testing.TestScripts.TC4 -->
      <class name="org.testing.TestScripts.TC3">
        <test-method status="SKIP" signature="LocatorsFile()[pri:0, instance:org.testing.TestScripts.TC3@7e62cfa3]" name="LocatorsFile" is-config="true" duration-ms="0" started-at="2021-12-11T22:31:51Z" finished-at="2021-12-11T22:31:51Z">
          <reporter-output>
          </reporter-output>
        </test-method> <!-- LocatorsFile -->
        <test-method status="SKIP" signature="OpenBrowser()[pri:0, instance:org.testing.TestScripts.TC3@7e62cfa3]" name="OpenBrowser" is-config="true" duration-ms="0" started-at="2021-12-11T22:31:51Z" finished-at="2021-12-11T22:31:51Z">
          <reporter-output>
          </reporter-output>
        </test-method> <!-- OpenBrowser -->
        <test-method status="SKIP" signature="Subscriptons()[pri:0, instance:org.testing.TestScripts.TC3@7e62cfa3]" name="Subscriptons" duration-ms="2" started-at="2021-12-11T22:31:51Z" finished-at="2021-12-11T22:31:51Z">
          <reporter-output>
          </reporter-output>
        </test-method> <!-- Subscriptons -->
      </class> <!-- org.testing.TestScripts.TC3 -->
      <class name="org.testing.TestScripts.TC6">
        <test-method status="SKIP" signature="LocatorsFile()[pri:0, instance:org.testing.TestScripts.TC6@1da4b3f9]" name="LocatorsFile" is-config="true" duration-ms="0" started-at="2021-12-11T22:31:51Z" finished-at="2021-12-11T22:31:51Z">
          <reporter-output>
          </reporter-output>
        </test-method> <!-- LocatorsFile -->
        <test-method status="SKIP" signature="OpenBrowser()[pri:0, instance:org.testing.TestScripts.TC6@1da4b3f9]" name="OpenBrowser" is-config="true" duration-ms="0" started-at="2021-12-11T22:31:51Z" finished-at="2021-12-11T22:31:51Z">
          <reporter-output>
          </reporter-output>
        </test-method> <!-- OpenBrowser -->
        <test-method status="SKIP" signature="CommentVideo()[pri:0, instance:org.testing.TestScripts.TC6@1da4b3f9]" name="CommentVideo" duration-ms="3" started-at="2021-12-11T22:31:51Z" finished-at="2021-12-11T22:31:51Z">
          <reporter-output>
          </reporter-output>
        </test-method> <!-- CommentVideo -->
      </class> <!-- org.testing.TestScripts.TC6 -->
      <class name="org.testing.TestScripts.TC5">
        <test-method status="SKIP" signature="LocatorsFile()[pri:0, instance:org.testing.TestScripts.TC5@23cbbd07]" name="LocatorsFile" is-config="true" duration-ms="0" started-at="2021-12-11T22:31:51Z" finished-at="2021-12-11T22:31:51Z">
          <reporter-output>
          </reporter-output>
        </test-method> <!-- LocatorsFile -->
        <test-method status="SKIP" signature="OpenBrowser()[pri:0, instance:org.testing.TestScripts.TC5@23cbbd07]" name="OpenBrowser" is-config="true" duration-ms="0" started-at="2021-12-11T22:31:51Z" finished-at="2021-12-11T22:31:51Z">
          <reporter-output>
          </reporter-output>
        </test-method> <!-- OpenBrowser -->
        <test-method status="SKIP" signature="ChannelSubscribe()[pri:0, instance:org.testing.TestScripts.TC5@23cbbd07]" name="ChannelSubscribe" duration-ms="3" started-at="2021-12-11T22:31:51Z" finished-at="2021-12-11T22:31:51Z">
          <reporter-output>
          </reporter-output>
        </test-method> <!-- ChannelSubscribe -->
      </class> <!-- org.testing.TestScripts.TC5 -->
      <class name="org.testing.TestScripts.TC2">
        <test-method status="SKIP" signature="LocatorsFile()[pri:0, instance:org.testing.TestScripts.TC2@46e190ed]" name="LocatorsFile" is-config="true" duration-ms="0" started-at="2021-12-11T22:31:51Z" finished-at="2021-12-11T22:31:51Z">
          <reporter-output>
          </reporter-output>
        </test-method> <!-- LocatorsFile -->
        <test-method status="SKIP" signature="OpenBrowser()[pri:0, instance:org.testing.TestScripts.TC2@46e190ed]" name="OpenBrowser" is-config="true" duration-ms="0" started-at="2021-12-11T22:31:51Z" finished-at="2021-12-11T22:31:51Z">
          <reporter-output>
          </reporter-output>
        </test-method> <!-- OpenBrowser -->
        <test-method status="SKIP" signature="History()[pri:0, instance:org.testing.TestScripts.TC2@46e190ed]" name="History" duration-ms="4" started-at="2021-12-11T22:31:51Z" finished-at="2021-12-11T22:31:51Z">
          <reporter-output>
          </reporter-output>
        </test-method> <!-- History -->
      </class> <!-- org.testing.TestScripts.TC2 -->
      <class name="org.testing.TestScripts.TC1">
        <test-method status="SKIP" signature="LocatorsFile()[pri:0, instance:org.testing.TestScripts.TC1@20ab76ee]" name="LocatorsFile" is-config="true" duration-ms="0" started-at="2021-12-11T22:31:51Z" finished-at="2021-12-11T22:31:51Z">
          <reporter-output>
          </reporter-output>
        </test-method> <!-- LocatorsFile -->
        <test-method status="SKIP" signature="OpenBrowser()[pri:0, instance:org.testing.TestScripts.TC1@20ab76ee]" name="OpenBrowser" is-config="true" duration-ms="0" started-at="2021-12-11T22:31:51Z" finished-at="2021-12-11T22:31:51Z">
          <reporter-output>
          </reporter-output>
        </test-method> <!-- OpenBrowser -->
        <test-method status="SKIP" signature="TrendingClick()[pri:0, instance:org.testing.TestScripts.TC1@20ab76ee]" name="TrendingClick" duration-ms="3" started-at="2021-12-11T22:31:51Z" finished-at="2021-12-11T22:31:51Z">
          <reporter-output>
          </reporter-output>
        </test-method> <!-- TrendingClick -->
      </class> <!-- org.testing.TestScripts.TC1 -->
    </test> <!-- Test -->
  </suite> <!-- Suite -->
</testng-results>
