<?xml version="1.0" encoding="UTF-8"?>
<!-- Generated by org.testng.reporters.JUnitXMLReporter -->
<testsuite hostname="LAPTOP-NR892T3L" name="Command line test aee83461-23f3-4791-adb7-11a168429427" tests="8" failures="0" timestamp="24 Nov 2021 12:10:19 GMT" time="397.044" errors="0">
  <testcase name="TrendingClick" time="36.222" classname="org.testing.TestScripts.TC1"/>
  <testcase name="History" time="33.272" classname="org.testing.TestScripts.TC2"/>
  <testcase name="Subscriptons" time="35.019" classname="org.testing.TestScripts.TC3"/>
  <testcase name="PlayLike" time="30.724" classname="org.testing.TestScripts.TC4"/>
  <testcase name="ChannelSubscribe" time="33.687" classname="org.testing.TestScripts.TC5"/>
  <testcase name="CommentVideo" time="47.071" classname="org.testing.TestScripts.TC6"/>
  <testcase name="History" time="37.733" classname="org.testing.TestScripts.TC7"/>
  <testcase name="History" time="40.064" classname="org.testing.TestScripts.TC8"/>
</testsuite> <!-- Command line test aee83461-23f3-4791-adb7-11a168429427 -->
