<?xml version="1.0" encoding="UTF-8"?>
<!-- Generated by org.testng.reporters.JUnitXMLReporter -->
<testsuite hostname="LAPTOP-NR892T3L" name="Command line test de097703-f312-4c0c-8b4e-89f3958bb798" tests="8" failures="0" timestamp="5 Dec 2021 11:55:33 GMT" time="624.224" errors="0">
  <testcase name="TrendingClick" time="57.775" classname="org.testing.TestScripts.TC1"/>
  <testcase name="History" time="51.906" classname="org.testing.TestScripts.TC2"/>
  <testcase name="Subscriptons" time="54.63" classname="org.testing.TestScripts.TC3"/>
  <testcase name="PlayLike" time="54.39" classname="org.testing.TestScripts.TC4"/>
  <testcase name="ChannelSubscribe" time="55.735" classname="org.testing.TestScripts.TC5"/>
  <testcase name="CommentVideo" time="66.689" classname="org.testing.TestScripts.TC6"/>
  <testcase name="History" time="56.469" classname="org.testing.TestScripts.TC7"/>
  <testcase name="History" time="52.89" classname="org.testing.TestScripts.TC8"/>
</testsuite> <!-- Command line test de097703-f312-4c0c-8b4e-89f3958bb798 -->
